<?xml version="1.0" encoding="UTF-8"?>
<!-- Generated by org.testng.reporters.JUnitXMLReporter -->
<testsuite ignored="2" hostname="LAPTOP-70MIPCT5" failures="0" tests="2" name="Test-Runner-1" time="81.198" errors="0" timestamp="2022-09-05T13:10:06 IST">
  <testcase classname="groupExecution.CreateProductWithVendorTestNG" name="createProductWithVendorNameTest" time="38.752"/>
  <testcase classname="groupExecution.CreateOrgTestNG" name="createOrg" time="16.405"/>
  <testcase classname="vtiger.GenericUtility.BaseClass" name="@BeforeSuite bsConfig" time="0.0">
    <ignored/>
  </testcase> <!-- @BeforeSuite bsConfig -->
  <testcase classname="vtiger.GenericUtility.BaseClass" name="@AfterSuite asConfig" time="0.0">
    <ignored/>
  </testcase> <!-- @AfterSuite asConfig -->
</testsuite> <!-- Test-Runner-1 -->
