<?xml version="1.0" encoding="UTF-8"?>
<!-- Generated by org.testng.reporters.JUnitXMLReporter -->
<testsuite ignored="0" hostname="LAPTOP-70MIPCT5" failures="0" tests="1" name="Test-Runner-2" time="35.657" errors="0" timestamp="2022-09-05T13:09:21 IST">
  <testcase classname="groupExecution.CreateOrgTestNG" name="createOrg" time="20.51"/>
</testsuite> <!-- Test-Runner-2 -->
