<?xml version="1.0" encoding="UTF-8"?>
<!-- Generated by org.testng.reporters.JUnitReportReporter -->
<testsuite hostname="LAPTOP-70MIPCT5" failures="0" tests="3" name="vtiger.Practice.DataProviderTest" time="0.011" errors="0" timestamp="2022-08-30T11:13:24 IST" skipped="0">
  <testcase classname="vtiger.Practice.DataProviderTest" name="addToCart" time="0.001"/>
  <system-out/>
  <testcase classname="vtiger.Practice.DataProviderTest" name="addToCart" time="0.002"/>
  <system-out/>
  <testcase classname="vtiger.Practice.DataProviderTest" name="addToCart" time="0.008"/>
  <system-out/>
</testsuite> <!-- vtiger.Practice.DataProviderTest -->
