<?xml version="1.0" encoding="UTF-8"?>
<!-- Generated by org.testng.reporters.JUnitReportReporter -->
<testsuite hostname="LAPTOP-70MIPCT5" failures="0" tests="1" name="groupExecution.CreateProductWithVendorTestNG" time="37.950" errors="0" timestamp="2022-09-18T18:06:19 IST" skipped="0">
  <testcase classname="groupExecution.CreateProductWithVendorTestNG" name="createProductWithVendorNameTest" time="37.950"/>
  <system-out>
    <![CDATA[clicked on vendor link
create vendor look up img clicked
Vendor created successfully
clicked on product link
clicked on create product look up image
product created successfully]]>
  </system-out>
</testsuite> <!-- groupExecution.CreateProductWithVendorTestNG -->
