<?xml version="1.0" encoding="UTF-8"?>
<!-- Generated by org.testng.reporters.JUnitReportReporter -->
<testsuite hostname="LAPTOP-70MIPCT5" failures="0" tests="1" name="scenariosUsingBaseClassTestNG.CreateContactWithOrgTest" time="20.485" errors="0" timestamp="2022-09-02T20:18:21 IST" skipped="0">
  <testcase classname="scenariosUsingBaseClassTestNG.CreateContactWithOrgTest" name="createContact" time="20.485"/>
  <system-out>
    <![CDATA[Organization created successfully
clicked in contact link
clicked on create contact look up img
contact created successfully]]>
  </system-out>
</testsuite> <!-- scenariosUsingBaseClassTestNG.CreateContactWithOrgTest -->
