<?xml version="1.0" encoding="UTF-8"?>
<!-- Generated by org.testng.reporters.JUnitReportReporter -->
<testsuite hostname="LAPTOP-70MIPCT5" failures="0" tests="1" name="vtiger.ProductPOM.CreateProductWithVendorNameTest" time="17.306" errors="0" timestamp="2022-09-02T20:18:21 IST" skipped="0">
  <testcase classname="vtiger.ProductPOM.CreateProductWithVendorNameTest" name="createProductWithVendorNameTest" time="17.306"/>
  <system-out>
    <![CDATA[clicked on vendor link]]>
  </system-out>
</testsuite> <!-- vtiger.ProductPOM.CreateProductWithVendorNameTest -->
