<?xml version="1.0" encoding="UTF-8"?>
<!-- Generated by org.testng.reporters.JUnitReportReporter -->
<testsuite hostname="LAPTOP-70MIPCT5" failures="0" tests="1" name="groupExecution.CreateContactWithOrgTestNG" time="55.340" errors="0" timestamp="2022-09-10T12:35:34 IST" skipped="0">
  <testcase classname="groupExecution.CreateContactWithOrgTestNG" name="createContact" time="55.340"/>
  <system-out>
    <![CDATA[clicked in contact link
clicked on create contact look up img]]>
  </system-out>
</testsuite> <!-- groupExecution.CreateContactWithOrgTestNG -->
