<?xml version="1.0" encoding="UTF-8"?>
<!-- Generated by org.testng.reporters.JUnitReportReporter -->
<testsuite hostname="LAPTOP-70MIPCT5" failures="0" tests="1" name="calendorPopUp.MakeMyTripTest" time="12.725" errors="0" timestamp="2022-09-21T12:56:43 IST" skipped="0">
  <testcase classname="calendorPopUp.MakeMyTripTest" name="bookTicket" time="12.725"/>
  <system-out/>
</testsuite> <!-- calendorPopUp.MakeMyTripTest -->
