<?xml version="1.0" encoding="UTF-8"?>
<!-- Generated by org.testng.reporters.JUnitReportReporter -->
<testsuite hostname="LAPTOP-70MIPCT5" failures="0" tests="1" name="vtiger.ContactPOM.CreateContaactWithOrg" time="20.515" errors="0" timestamp="2022-09-02T20:18:21 IST" skipped="0">
  <testcase classname="vtiger.ContactPOM.CreateContaactWithOrg" name="createContactWithOrg" time="20.515"/>
  <system-out>
    <![CDATA[clicked on orglink
clicked on create org look up icon
organization created successfully
contact created:pass]]>
  </system-out>
</testsuite> <!-- vtiger.ContactPOM.CreateContaactWithOrg -->
