<?xml version="1.0" encoding="UTF-8"?>
<!-- Generated by org.testng.reporters.JUnitReportReporter -->
<testsuite hostname="LAPTOP-70MIPCT5" failures="0" tests="1" name="vtiger.OrganizationTests.CreatingOrgTest" time="37.592" errors="0" timestamp="2022-08-29T11:44:01 IST" skipped="0">
  <testcase classname="vtiger.OrganizationTests.CreatingOrgTest" name="createOrgTest" time="37.592"/>
  <system-out/>
</testsuite> <!-- vtiger.OrganizationTests.CreatingOrgTest -->
