<?xml version="1.0" encoding="UTF-8"?>
<!-- Generated by org.testng.reporters.JUnitReportReporter -->
<testsuite hostname="LAPTOP-70MIPCT5" failures="0" tests="1" name="dynamictable.DynamicTable" time="15.398" errors="0" timestamp="2022-09-22T11:41:38 IST" skipped="0">
  <testcase classname="dynamictable.DynamicTable" name="test01" time="15.398"/>
  <system-out/>
</testsuite> <!-- dynamictable.DynamicTable -->
