<?xml version="1.0" encoding="UTF-8"?>
<!-- Generated by org.testng.reporters.JUnitReportReporter -->
<testsuite hostname="LAPTOP-70MIPCT5" failures="0" tests="1" name="groupExecution.CreateOrgTest" time="21.649" errors="0" timestamp="2022-09-18T18:06:19 IST" skipped="0">
  <testcase classname="groupExecution.CreateOrgTest" name="createOrg" time="21.649"/>
  <system-out>
    <![CDATA[clicked on org link
ORG CREATED]]>
  </system-out>
</testsuite> <!-- groupExecution.CreateOrgTest -->
